[16:27:3.496] Global cache location '/Users/william.rudenmalmhogman/Library/Caches/typescript/4.0', safe file path '/users/william.rudenmalmhogman/code/dot-customize/config/emacs.d/.cache/lsp/npm/typescript/lib/node_modules/typescript/lib/typingsafelist.json', types map path /users/william.rudenmalmhogman/code/dot-customize/config/emacs.d/.cache/lsp/npm/typescript/lib/node_modules/typescript/lib/typesmap.json
[16:27:3.511] Processing cache location '/Users/william.rudenmalmhogman/Library/Caches/typescript/4.0'
[16:27:3.511] Trying to find '/Users/william.rudenmalmhogman/Library/Caches/typescript/4.0/package.json'...
[16:27:3.514] Loaded content of '/Users/william.rudenmalmhogman/Library/Caches/typescript/4.0/package.json': {"private":true,"dependencies":{"types-registry":"^0.1.512"},"devDependencies":{"@types/async":"^3.2.3","@types/atob":"^2.1.2","@types/autoprefixer":"^9.7.2","@types/babel-core":"^6.25.6","@types/babel__core":"^7.1.10","@types/base64-js":"^1.3.0","@types/blueimp-md5":"^2.7.0","@types/chai":"^4.2.13","@types/concurrently":"^5.2.1","@types/core-js":"^2.5.4","@types/crypto-js":"^3.1.47","@types/denodeify":"^1.2.31","@types/eslint":"^7.2.2","@types/expo__vector-icons":"^9.0.1","@types/express":"^4.17.8","@types/fbemitter":"^2.0.32","@types/gulp":"^4.0.7","@types/gulp-concat":"0.0.32","@types/gulp-rename":"0.0.33","@types/immediate":"^3.2.0","@types/isomorphic-fetch":"0.0.35","@types/js-yaml":"^3.12.5","@types/jsbn":"^1.2.29","@types/jsrsasign":"^8.0.5","@types/mocha":"^8.0.3","@types/prettier":"^2.1.1","@types/react":"^16.9.50","@types/react-dom":"^16.9.8","@types/react-native":"^0.63.23","@types/rimraf":"^3.0.0","@types/service-worker-mock":"^2.0.1","@types/sprintf":"^0.1.0","@types/ua-parser-js":"^0.7.33","@types/uglifyjs-webpack-plugin":"^1.1.0","@types/uuid":"^8.3.0","@types/vinyl-source-stream":"0.0.30","@types/webpack":"^4.41.22","@types/webpack-stream":"^3.2.11"}}
[16:27:3.515] Loaded content of '/Users/william.rudenmalmhogman/Library/Caches/typescript/4.0/package-lock.json'
[16:27:3.525] Adding entry into typings cache: 'async' => '/Users/william.rudenmalmhogman/Library/Caches/typescript/4.0/node_modules/@types/async/index.d.ts'
[16:27:3.528] Adding entry into typings cache: 'atob' => '/Users/william.rudenmalmhogman/Library/Caches/typescript/4.0/node_modules/@types/atob/index.d.ts'
[16:27:3.530] Adding entry into typings cache: 'autoprefixer' => '/Users/william.rudenmalmhogman/Library/Caches/typescript/4.0/node_modules/@types/autoprefixer/index.d.ts'
[16:27:3.534] Adding entry into typings cache: 'babel-core' => '/Users/william.rudenmalmhogman/Library/Caches/typescript/4.0/node_modules/@types/babel-core/index.d.ts'
[16:27:3.536] Adding entry into typings cache: 'babel__core' => '/Users/william.rudenmalmhogman/Library/Caches/typescript/4.0/node_modules/@types/babel__core/index.d.ts'
[16:27:3.539] Adding entry into typings cache: 'base64-js' => '/Users/william.rudenmalmhogman/Library/Caches/typescript/4.0/node_modules/@types/base64-js/index.d.ts'
[16:27:3.541] Adding entry into typings cache: 'blueimp-md5' => '/Users/william.rudenmalmhogman/Library/Caches/typescript/4.0/node_modules/@types/blueimp-md5/index.d.ts'
[16:27:3.544] Adding entry into typings cache: 'chai' => '/Users/william.rudenmalmhogman/Library/Caches/typescript/4.0/node_modules/@types/chai/index.d.ts'
[16:27:3.546] Adding entry into typings cache: 'concurrently' => '/Users/william.rudenmalmhogman/Library/Caches/typescript/4.0/node_modules/@types/concurrently/index.d.ts'
[16:27:3.548] Adding entry into typings cache: 'core-js' => '/Users/william.rudenmalmhogman/Library/Caches/typescript/4.0/node_modules/@types/core-js/index.d.ts'
[16:27:3.551] Adding entry into typings cache: 'crypto-js' => '/Users/william.rudenmalmhogman/Library/Caches/typescript/4.0/node_modules/@types/crypto-js/index.d.ts'
[16:27:3.553] Adding entry into typings cache: 'denodeify' => '/Users/william.rudenmalmhogman/Library/Caches/typescript/4.0/node_modules/@types/denodeify/index.d.ts'
[16:27:3.556] Adding entry into typings cache: 'eslint' => '/Users/william.rudenmalmhogman/Library/Caches/typescript/4.0/node_modules/@types/eslint/index.d.ts'
[16:27:3.558] Adding entry into typings cache: 'expo__vector-icons' => '/Users/william.rudenmalmhogman/Library/Caches/typescript/4.0/node_modules/@types/expo__vector-icons/index.d.ts'
[16:27:3.560] Adding entry into typings cache: 'express' => '/Users/william.rudenmalmhogman/Library/Caches/typescript/4.0/node_modules/@types/express/index.d.ts'
[16:27:3.562] Adding entry into typings cache: 'fbemitter' => '/Users/william.rudenmalmhogman/Library/Caches/typescript/4.0/node_modules/@types/fbemitter/index.d.ts'
[16:27:3.564] Adding entry into typings cache: 'gulp' => '/Users/william.rudenmalmhogman/Library/Caches/typescript/4.0/node_modules/@types/gulp/index.d.ts'
[16:27:3.565] Adding entry into typings cache: 'gulp-concat' => '/Users/william.rudenmalmhogman/Library/Caches/typescript/4.0/node_modules/@types/gulp-concat/index.d.ts'
[16:27:3.567] Adding entry into typings cache: 'gulp-rename' => '/Users/william.rudenmalmhogman/Library/Caches/typescript/4.0/node_modules/@types/gulp-rename/index.d.ts'
[16:27:3.568] Adding entry into typings cache: 'immediate' => '/Users/william.rudenmalmhogman/Library/Caches/typescript/4.0/node_modules/@types/immediate/index.d.ts'
[16:27:3.570] Adding entry into typings cache: 'isomorphic-fetch' => '/Users/william.rudenmalmhogman/Library/Caches/typescript/4.0/node_modules/@types/isomorphic-fetch/index.d.ts'
[16:27:3.572] Adding entry into typings cache: 'js-yaml' => '/Users/william.rudenmalmhogman/Library/Caches/typescript/4.0/node_modules/@types/js-yaml/index.d.ts'
[16:27:3.573] Adding entry into typings cache: 'jsbn' => '/Users/william.rudenmalmhogman/Library/Caches/typescript/4.0/node_modules/@types/jsbn/index.d.ts'
[16:27:3.575] Adding entry into typings cache: 'jsrsasign' => '/Users/william.rudenmalmhogman/Library/Caches/typescript/4.0/node_modules/@types/jsrsasign/index.d.ts'
[16:27:3.577] Adding entry into typings cache: 'mocha' => '/Users/william.rudenmalmhogman/Library/Caches/typescript/4.0/node_modules/@types/mocha/index.d.ts'
[16:27:3.579] Adding entry into typings cache: 'prettier' => '/Users/william.rudenmalmhogman/Library/Caches/typescript/4.0/node_modules/@types/prettier/index.d.ts'
[16:27:3.581] Adding entry into typings cache: 'react' => '/Users/william.rudenmalmhogman/Library/Caches/typescript/4.0/node_modules/@types/react/index.d.ts'
[16:27:3.583] Adding entry into typings cache: 'react-dom' => '/Users/william.rudenmalmhogman/Library/Caches/typescript/4.0/node_modules/@types/react-dom/index.d.ts'
[16:27:3.586] Adding entry into typings cache: 'react-native' => '/Users/william.rudenmalmhogman/Library/Caches/typescript/4.0/node_modules/@types/react-native/index.d.ts'
[16:27:3.588] Adding entry into typings cache: 'rimraf' => '/Users/william.rudenmalmhogman/Library/Caches/typescript/4.0/node_modules/@types/rimraf/index.d.ts'
[16:27:3.591] Adding entry into typings cache: 'service-worker-mock' => '/Users/william.rudenmalmhogman/Library/Caches/typescript/4.0/node_modules/@types/service-worker-mock/index.d.ts'
[16:27:3.593] Adding entry into typings cache: 'sprintf' => '/Users/william.rudenmalmhogman/Library/Caches/typescript/4.0/node_modules/@types/sprintf/index.d.ts'
[16:27:3.595] Adding entry into typings cache: 'ua-parser-js' => '/Users/william.rudenmalmhogman/Library/Caches/typescript/4.0/node_modules/@types/ua-parser-js/index.d.ts'
[16:27:3.597] Adding entry into typings cache: 'uglifyjs-webpack-plugin' => '/Users/william.rudenmalmhogman/Library/Caches/typescript/4.0/node_modules/@types/uglifyjs-webpack-plugin/index.d.ts'
[16:27:3.598] Adding entry into typings cache: 'uuid' => '/Users/william.rudenmalmhogman/Library/Caches/typescript/4.0/node_modules/@types/uuid/index.d.ts'
[16:27:3.600] Adding entry into typings cache: 'vinyl-source-stream' => '/Users/william.rudenmalmhogman/Library/Caches/typescript/4.0/node_modules/@types/vinyl-source-stream/index.d.ts'
[16:27:3.602] Adding entry into typings cache: 'webpack' => '/Users/william.rudenmalmhogman/Library/Caches/typescript/4.0/node_modules/@types/webpack/index.d.ts'
[16:27:3.604] Adding entry into typings cache: 'webpack-stream' => '/Users/william.rudenmalmhogman/Library/Caches/typescript/4.0/node_modules/@types/webpack-stream/index.d.ts'
[16:27:3.604] Finished processing cache location '/Users/william.rudenmalmhogman/Library/Caches/typescript/4.0'
[16:27:3.604] Process id: 42541
[16:27:3.604] NPM location: /usr/local/Cellar/node/14.14.0/bin/npm (explicit '--npmLocation' not  provided)
[16:27:3.604] validateDefaultNpmLocation: false
[16:27:3.605] Npm config file: /Users/william.rudenmalmhogman/Library/Caches/typescript/4.0/package.json
[16:27:3.605] Updating types-registry npm package...
[16:27:3.605] Exec: /usr/local/Cellar/node/14.14.0/bin/npm install --ignore-scripts types-registry@latest
[16:27:3.618]     Failed. stdout:
    stderr:
    /bin/sh: /usr/local/Cellar/node/14.14.0/bin/npm: No such file or directory
    
[16:27:3.618] Updated types-registry npm package
[16:27:4.10] Got install request {"projectName":"/dev/null/inferredProject1*","fileNames":["/Users/william.rudenmalmhogman/code/dot-customize/config/emacs.d/.cache/lsp/npm/typescript/lib/node_modules/typescript/lib/lib.d.ts","/Users/william.rudenmalmhogman/code/dot-customize/config/emacs.d/.cache/lsp/npm/typescript/lib/node_modules/typescript/lib/lib.es5.d.ts","/Users/william.rudenmalmhogman/code/dot-customize/config/emacs.d/.cache/lsp/npm/typescript/lib/node_modules/typescript/lib/lib.dom.d.ts","/Users/william.rudenmalmhogman/code/dot-customize/config/emacs.d/.cache/lsp/npm/typescript/lib/node_modules/typescript/lib/lib.webworker.importscripts.d.ts","/Users/william.rudenmalmhogman/code/dot-customize/config/emacs.d/.cache/lsp/npm/typescript/lib/node_modules/typescript/lib/lib.scripthost.d.ts","/Users/william.rudenmalmhogman/code/w/food/worker/worker.js"],"compilerOptions":{"target":1,"jsx":1,"allowNonTsExtensions":true,"allowJs":true,"noEmitForJsFiles":true,"maxNodeModuleJsDepth":2},"typeAcquisition":{"enable":true,"include":[],"exclude":[]},"unresolvedImports":[],"projectRootPath":"/Users/william.rudenmalmhogman/code/w/food/worker","kind":"discover"}
[16:27:4.24] Loaded safelist from types map file '/users/william.rudenmalmhogman/code/dot-customize/config/emacs.d/.cache/lsp/npm/typescript/lib/node_modules/typescript/lib/typesmap.json'
[16:27:4.25] Explicitly included types: []
[16:27:4.26] Inferred typings from unresolved imports: []
[16:27:4.26] Result: {"cachedTypingPaths":[],"newTypingNames":[],"filesToWatch":["/Users/william.rudenmalmhogman/code/w/food/worker/bower_components","/Users/william.rudenmalmhogman/code/w/food/worker/node_modules"]}
[16:27:4.26] Finished typings discovery: {"cachedTypingPaths":[],"newTypingNames":[],"filesToWatch":["/Users/william.rudenmalmhogman/code/w/food/worker/bower_components","/Users/william.rudenmalmhogman/code/w/food/worker/node_modules"]}
[16:27:4.26] DirectoryWatcher:: Added:: WatchInfo: /Users/william.rudenmalmhogman/code/w/food/worker/bower_components
[16:27:4.28] DirectoryWatcher:: Added:: WatchInfo: /Users/william.rudenmalmhogman/code/w/food/worker/node_modules
[16:27:4.28] Sending response:
    {"projectName":"/dev/null/inferredProject1*","typeAcquisition":{"enable":true,"include":[],"exclude":[]},"compilerOptions":{"target":1,"jsx":1,"allowNonTsExtensions":true,"allowJs":true,"noEmitForJsFiles":true,"maxNodeModuleJsDepth":2},"typings":[],"unresolvedImports":[],"kind":"action::set"}
[16:27:4.28] Response has been sent.
[16:27:4.28] No new typings were requested as a result of typings discovery
[16:40:5.600] Got install request {"projectName":"/dev/null/inferredProject2*","fileNames":["/Users/william.rudenmalmhogman/code/dot-customize/config/emacs.d/.cache/lsp/npm/typescript/lib/node_modules/typescript/lib/lib.d.ts","/Users/william.rudenmalmhogman/code/dot-customize/config/emacs.d/.cache/lsp/npm/typescript/lib/node_modules/typescript/lib/lib.es5.d.ts","/Users/william.rudenmalmhogman/code/dot-customize/config/emacs.d/.cache/lsp/npm/typescript/lib/node_modules/typescript/lib/lib.dom.d.ts","/Users/william.rudenmalmhogman/code/dot-customize/config/emacs.d/.cache/lsp/npm/typescript/lib/node_modules/typescript/lib/lib.webworker.importscripts.d.ts","/Users/william.rudenmalmhogman/code/dot-customize/config/emacs.d/.cache/lsp/npm/typescript/lib/node_modules/typescript/lib/lib.scripthost.d.ts","/Users/william.rudenmalmhogman/code/w/food/pkg/food.d.ts"],"compilerOptions":{"target":1,"jsx":1,"allowNonTsExtensions":true,"allowJs":true,"noEmitForJsFiles":true},"typeAcquisition":{"enable":true,"include":[],"exclude":[]},"unresolvedImports":[],"projectRootPath":"/Users/william.rudenmalmhogman/code/w/food/pkg","kind":"discover"}
[16:40:5.603] Explicitly included types: []
[16:40:5.608] Typing names in '/Users/william.rudenmalmhogman/code/w/food/pkg/package.json' dependencies: []
[16:40:5.608] Inferred typings from unresolved imports: []
[16:40:5.609] Result: {"cachedTypingPaths":[],"newTypingNames":[],"filesToWatch":["/Users/william.rudenmalmhogman/code/w/food/pkg/package.json","/Users/william.rudenmalmhogman/code/w/food/pkg/bower_components","/Users/william.rudenmalmhogman/code/w/food/pkg/node_modules"]}
[16:40:5.609] Finished typings discovery: {"cachedTypingPaths":[],"newTypingNames":[],"filesToWatch":["/Users/william.rudenmalmhogman/code/w/food/pkg/package.json","/Users/william.rudenmalmhogman/code/w/food/pkg/bower_components","/Users/william.rudenmalmhogman/code/w/food/pkg/node_modules"]}
[16:40:5.609] FileWatcher:: Added:: WatchInfo: /Users/william.rudenmalmhogman/code/w/food/pkg/package.json
[16:40:5.610] DirectoryWatcher:: Added:: WatchInfo: /Users/william.rudenmalmhogman/code/w/food/pkg/bower_components
[16:40:5.610] DirectoryWatcher:: Added:: WatchInfo: /Users/william.rudenmalmhogman/code/w/food/pkg/node_modules
[16:40:5.610] Sending response:
    {"projectName":"/dev/null/inferredProject2*","typeAcquisition":{"enable":true,"include":[],"exclude":[]},"compilerOptions":{"target":1,"jsx":1,"allowNonTsExtensions":true,"allowJs":true,"noEmitForJsFiles":true},"typings":[],"unresolvedImports":[],"kind":"action::set"}
[16:40:5.611] Response has been sent.
[16:40:5.611] No new typings were requested as a result of typings discovery
[16:40:8.222] Got install request {"projectName":"/dev/null/inferredProject2*","fileNames":[],"compilerOptions":{"target":1,"jsx":1,"allowNonTsExtensions":true,"allowJs":true,"noEmitForJsFiles":true},"typeAcquisition":{"enable":true,"include":[],"exclude":[]},"unresolvedImports":[],"projectRootPath":"/Users/william.rudenmalmhogman/code/w/food/pkg","kind":"discover"}
[16:40:8.223] Explicitly included types: []
[16:40:8.224] Typing names in '/Users/william.rudenmalmhogman/code/w/food/pkg/package.json' dependencies: []
[16:40:8.224] Inferred typings from unresolved imports: []
[16:40:8.224] Result: {"cachedTypingPaths":[],"newTypingNames":[],"filesToWatch":["/Users/william.rudenmalmhogman/code/w/food/pkg/package.json","/Users/william.rudenmalmhogman/code/w/food/pkg/bower_components","/Users/william.rudenmalmhogman/code/w/food/pkg/node_modules"]}
[16:40:8.224] Finished typings discovery: {"cachedTypingPaths":[],"newTypingNames":[],"filesToWatch":["/Users/william.rudenmalmhogman/code/w/food/pkg/package.json","/Users/william.rudenmalmhogman/code/w/food/pkg/bower_components","/Users/william.rudenmalmhogman/code/w/food/pkg/node_modules"]}
[16:40:8.227] Sending response:
    {"projectName":"/dev/null/inferredProject2*","typeAcquisition":{"enable":true,"include":[],"exclude":[]},"compilerOptions":{"target":1,"jsx":1,"allowNonTsExtensions":true,"allowJs":true,"noEmitForJsFiles":true},"typings":[],"unresolvedImports":[],"kind":"action::set"}
[16:40:8.227] Response has been sent.
[16:40:8.227] No new typings were requested as a result of typings discovery
[16:51:11.990] FileWatcher:: Triggered with /Users/william.rudenmalmhogman/code/w/food/pkg/package.json eventKind: Changed:: WatchInfo: /Users/william.rudenmalmhogman/code/w/food/pkg/package.json:: handler is already invoked 'false'
[16:51:11.996] Sending response:
    {"projectName":"/dev/null/inferredProject2*","kind":"action::invalidate"}
[16:51:11.996] Response has been sent.
[16:51:12.126] Got install request {"projectName":"/dev/null/inferredProject2*","fileNames":[],"compilerOptions":{"target":1,"jsx":1,"allowNonTsExtensions":true,"allowJs":true,"noEmitForJsFiles":true},"typeAcquisition":{"enable":true,"include":[],"exclude":[]},"unresolvedImports":[],"projectRootPath":"/Users/william.rudenmalmhogman/code/w/food/pkg","kind":"discover"}
[16:51:12.127] Explicitly included types: []
[16:51:12.129] Typing names in '/Users/william.rudenmalmhogman/code/w/food/pkg/package.json' dependencies: []
[16:51:12.130] Inferred typings from unresolved imports: []
[16:51:12.130] Result: {"cachedTypingPaths":[],"newTypingNames":[],"filesToWatch":["/Users/william.rudenmalmhogman/code/w/food/pkg/package.json","/Users/william.rudenmalmhogman/code/w/food/pkg/bower_components","/Users/william.rudenmalmhogman/code/w/food/pkg/node_modules"]}
[16:51:12.130] Finished typings discovery: {"cachedTypingPaths":[],"newTypingNames":[],"filesToWatch":["/Users/william.rudenmalmhogman/code/w/food/pkg/package.json","/Users/william.rudenmalmhogman/code/w/food/pkg/bower_components","/Users/william.rudenmalmhogman/code/w/food/pkg/node_modules"]}
[16:51:12.131] Sending response:
    {"projectName":"/dev/null/inferredProject2*","typeAcquisition":{"enable":true,"include":[],"exclude":[]},"compilerOptions":{"target":1,"jsx":1,"allowNonTsExtensions":true,"allowJs":true,"noEmitForJsFiles":true},"typings":[],"unresolvedImports":[],"kind":"action::set"}
[16:51:12.131] Response has been sent.
[16:51:12.131] No new typings were requested as a result of typings discovery
[16:51:14.758] Got install request {"projectName":"/dev/null/inferredProject1*","fileNames":[],"compilerOptions":{"target":1,"jsx":1,"allowNonTsExtensions":true,"allowJs":true,"noEmitForJsFiles":true},"typeAcquisition":{"enable":true,"include":[],"exclude":[]},"unresolvedImports":[],"projectRootPath":"/Users/william.rudenmalmhogman/code/w/food/worker","kind":"discover"}
[16:51:14.759] Explicitly included types: []
[16:51:14.759] Inferred typings from unresolved imports: []
[16:51:14.759] Result: {"cachedTypingPaths":[],"newTypingNames":[],"filesToWatch":["/Users/william.rudenmalmhogman/code/w/food/worker/bower_components","/Users/william.rudenmalmhogman/code/w/food/worker/node_modules"]}
[16:51:14.759] Finished typings discovery: {"cachedTypingPaths":[],"newTypingNames":[],"filesToWatch":["/Users/william.rudenmalmhogman/code/w/food/worker/bower_components","/Users/william.rudenmalmhogman/code/w/food/worker/node_modules"]}
[16:51:14.760] Sending response:
    {"projectName":"/dev/null/inferredProject1*","typeAcquisition":{"enable":true,"include":[],"exclude":[]},"compilerOptions":{"target":1,"jsx":1,"allowNonTsExtensions":true,"allowJs":true,"noEmitForJsFiles":true},"typings":[],"unresolvedImports":[],"kind":"action::set"}
[16:51:14.760] Response has been sent.
[16:51:14.760] No new typings were requested as a result of typings discovery
[16:53:3.640] Got install request {"projectName":"/dev/null/inferredProject1*","fileNames":["/Users/william.rudenmalmhogman/code/dot-customize/config/emacs.d/.cache/lsp/npm/typescript/lib/node_modules/typescript/lib/lib.d.ts","/Users/william.rudenmalmhogman/code/dot-customize/config/emacs.d/.cache/lsp/npm/typescript/lib/node_modules/typescript/lib/lib.es5.d.ts","/Users/william.rudenmalmhogman/code/dot-customize/config/emacs.d/.cache/lsp/npm/typescript/lib/node_modules/typescript/lib/lib.dom.d.ts","/Users/william.rudenmalmhogman/code/dot-customize/config/emacs.d/.cache/lsp/npm/typescript/lib/node_modules/typescript/lib/lib.webworker.importscripts.d.ts","/Users/william.rudenmalmhogman/code/dot-customize/config/emacs.d/.cache/lsp/npm/typescript/lib/node_modules/typescript/lib/lib.scripthost.d.ts","/Users/william.rudenmalmhogman/code/w/food/worker/worker.js"],"compilerOptions":{"target":1,"jsx":1,"allowNonTsExtensions":true,"allowJs":true,"noEmitForJsFiles":true,"maxNodeModuleJsDepth":2},"typeAcquisition":{"enable":true,"include":[],"exclude":[]},"unresolvedImports":[],"projectRootPath":"/Users/william.rudenmalmhogman/code/w/food/worker","kind":"discover"}
[16:53:3.641] Explicitly included types: []
[16:53:3.643] Inferred typings from unresolved imports: []
[16:53:3.643] Result: {"cachedTypingPaths":[],"newTypingNames":[],"filesToWatch":["/Users/william.rudenmalmhogman/code/w/food/worker/bower_components","/Users/william.rudenmalmhogman/code/w/food/worker/node_modules"]}
[16:53:3.643] Finished typings discovery: {"cachedTypingPaths":[],"newTypingNames":[],"filesToWatch":["/Users/william.rudenmalmhogman/code/w/food/worker/bower_components","/Users/william.rudenmalmhogman/code/w/food/worker/node_modules"]}
[16:53:3.644] Sending response:
    {"projectName":"/dev/null/inferredProject1*","typeAcquisition":{"enable":true,"include":[],"exclude":[]},"compilerOptions":{"target":1,"jsx":1,"allowNonTsExtensions":true,"allowJs":true,"noEmitForJsFiles":true,"maxNodeModuleJsDepth":2},"typings":[],"unresolvedImports":[],"kind":"action::set"}
[16:53:3.645] Response has been sent.
[16:53:3.645] No new typings were requested as a result of typings discovery
[16:54:16.217] FileWatcher:: Triggered with /Users/william.rudenmalmhogman/code/w/food/pkg/package.json eventKind: Changed:: WatchInfo: /Users/william.rudenmalmhogman/code/w/food/pkg/package.json:: handler is already invoked 'false'
[16:54:16.218] Sending response:
    {"projectName":"/dev/null/inferredProject2*","kind":"action::invalidate"}
[16:54:16.219] Response has been sent.
[16:54:32.660] FileWatcher:: Triggered with /Users/william.rudenmalmhogman/code/w/food/pkg/package.json eventKind: Changed:: WatchInfo: /Users/william.rudenmalmhogman/code/w/food/pkg/package.json:: handler is already invoked 'true'
[16:59:25.98] FileWatcher:: Triggered with /Users/william.rudenmalmhogman/code/w/food/pkg/package.json eventKind: Changed:: WatchInfo: /Users/william.rudenmalmhogman/code/w/food/pkg/package.json:: handler is already invoked 'true'
[17:0:0.194] FileWatcher:: Triggered with /Users/william.rudenmalmhogman/code/w/food/pkg/package.json eventKind: Changed:: WatchInfo: /Users/william.rudenmalmhogman/code/w/food/pkg/package.json:: handler is already invoked 'true'
[17:4:29.275] FileWatcher:: Triggered with /Users/william.rudenmalmhogman/code/w/food/pkg/package.json eventKind: Changed:: WatchInfo: /Users/william.rudenmalmhogman/code/w/food/pkg/package.json:: handler is already invoked 'true'
[19:14:46.493] FileWatcher:: Triggered with /Users/william.rudenmalmhogman/code/w/food/pkg/package.json eventKind: Changed:: WatchInfo: /Users/william.rudenmalmhogman/code/w/food/pkg/package.json:: handler is already invoked 'true'
[19:15:16.583] FileWatcher:: Triggered with /Users/william.rudenmalmhogman/code/w/food/pkg/package.json eventKind: Changed:: WatchInfo: /Users/william.rudenmalmhogman/code/w/food/pkg/package.json:: handler is already invoked 'true'
[19:16:41.624] FileWatcher:: Triggered with /Users/william.rudenmalmhogman/code/w/food/pkg/package.json eventKind: Changed:: WatchInfo: /Users/william.rudenmalmhogman/code/w/food/pkg/package.json:: handler is already invoked 'true'
[19:23:45.764] FileWatcher:: Triggered with /Users/william.rudenmalmhogman/code/w/food/pkg/package.json eventKind: Changed:: WatchInfo: /Users/william.rudenmalmhogman/code/w/food/pkg/package.json:: handler is already invoked 'true'
